<?xml version="1.0" encoding="UTF-8"?>
<!-- Generated by org.testng.reporters.JUnitReportReporter -->
<testsuite hostname="Ramachandiran-M" failures="0" tests="1" name="com.neptune.InvalidLoginTest" time="12.086" errors="0" timestamp="2025-05-21T22:01:24 IST" skipped="0">
  <testcase classname="com.neptune.InvalidLoginTest" name="testLogin" time="12.086"/>
  <system-out/>
</testsuite> <!-- com.neptune.InvalidLoginTest -->
