<?xml version="1.0" encoding="UTF-8"?>
<!-- Generated by org.testng.reporters.JUnitReportReporter -->
<testsuite hostname="Ramachandiran-M" failures="0" tests="1" name="com.neptune.InvalidLoginTest" time="8.837" errors="0" timestamp="2025-05-22T17:56:12 IST" skipped="0">
  <testcase classname="com.neptune.InvalidLoginTest" name="invalidLogin" time="8.837"/>
</testsuite> <!-- com.neptune.InvalidLoginTest -->
