<?xml version="1.0" encoding="UTF-8"?>
<!-- Generated by org.testng.reporters.JUnitReportReporter -->
<testsuite hostname="Ramachandiran-M" failures="0" tests="1" name="com.neptune.InvalidLoginTest" time="10.768" errors="0" timestamp="2025-06-24T20:52:47 IST" skipped="0">
  <testcase classname="com.neptune.InvalidLoginTest" name="validLoginTest" time="10.768"/>
</testsuite> <!-- com.neptune.InvalidLoginTest -->
