<?xml version="1.0" encoding="UTF-8"?>
<!-- Generated by org.testng.reporters.JUnitReportReporter -->
<testsuite hostname="Ramachandiran-M" failures="0" tests="1" name="com.neptune.LoginTest" time="17.421" errors="0" timestamp="2025-05-22T17:56:12 IST" skipped="0">
  <testcase classname="com.neptune.LoginTest" name="validLogin" time="17.421"/>
</testsuite> <!-- com.neptune.LoginTest -->
