<?xml version="1.0" encoding="UTF-8"?>
<!-- Generated by org.testng.reporters.JUnitReportReporter -->
<testsuite hostname="Ramachandiran-M" failures="0" tests="1" name="com.neptune.LoginTest" time="13.204" errors="0" timestamp="2025-06-24T20:52:47 IST" skipped="0">
  <testcase classname="com.neptune.LoginTest" name="testValidLogin" time="13.204"/>
</testsuite> <!-- com.neptune.LoginTest -->
